<?xml version="1.0" encoding="UTF-8"?>
<testsuites name="TL_CURA_AppointmentConfirmation_TestSuite_001" time="28.579" tests="1" failures="0" errors="0">
   <testsuite name="TL_CURA_AppointmentConfirmation_TestSuite_001" tests="1" failures="0" errors="0" time="28.579" skipped="0" timestamp="06-02-2024T19:37:32" hostname="Windows - DESKTOP-4I15GC1" id="Test Suites/CURA_TestSuite/TL_CURA_AppointmentConfirmation_TestSuite_001">
      <properties>
         <property name="deviceName" value=""/>
         <property name="devicePlatform" value=""/>
         <property name="logFolder" value="C:\\Users\\Windows\\git\\Cura-Healthcare\\Reports\\20240206_193722\\CURA_TestSuite\\TL_CURA_AppointmentConfirmation_TestSuite_001\\20240206_193722"/>
         <property name="logFiles" value="C:\\Users\\Windows\\git\\Cura-Healthcare\\Reports\\20240206_193722\\CURA_TestSuite\\TL_CURA_AppointmentConfirmation_TestSuite_001\\20240206_193722\\execution0.log"/>
         <property name="attachments" value=""/>
         <property name="hostName" value="Windows - DESKTOP-4I15GC1"/>
         <property name="os" value="Windows 11 64bit"/>
         <property name="katalonVersion" value="9.2.0.212"/>
         <property name="browser" value="Chrome 121.0.0.0"/>
         <property name="hostAddress" value="172.16.140.91"/>
         <property name="sessionId" value="ca33695dc0e1fc8973b3780e3fb37742"/>
         <property name="seleniumVersion" value="3.141.59"/>
         <property name="proxyInformation" value="ProxyInformation { proxyOption=NO_PROXY, proxyServerType=HTTP, username=, password=********, proxyServerAddress=, proxyServerPort=0, executionList=&quot;&quot;, isApplyToDesiredCapabilities=true }"/>
         <property name="platform" value="Windows 11"/>
      </properties>
      <testcase name="Test Cases/TestListener1/TC_TL_AppointmentConfirmation_001" time="12.031" classname="Test Cases/TestListener1/TC_TL_AppointmentConfirmation_001" status="PASSED">
         <system-out><![CDATA[06-02-2024T19:37:48 - [TEST_CASE][PASSED] - Test Cases/TestListener1/TC_TL_AppointmentConfirmation_001: Test Cases/TestListener1/TC_TL_AppointmentConfirmation_001

06-02-2024T19:37:48 - [TEST_STEP][PASSED] - Start listener action : sampleBeforeTestCase: Object: 'Object Repository/TL_CURA_Page_OR/Page_CURA Healthcare Service/button_Login' is clicked on

06-02-2024T19:37:48 - [TEST_STEP][PASSED] - setText(findTestObject("Object Repository/TL_CURA_Page_OR/Page_CURA Healthcare Service/input_username"), "John Doe"): Text 'John Doe' is set on object 'Object Repository/TL_CURA_Page_OR/Page_CURA Healthcare Service/input_username'

06-02-2024T19:37:49 - [MESSAGE][PASSED] - Text 'John Doe' is set on object 'Object Repository/TL_CURA_Page_OR/Page_CURA Healthcare Service/input_username'

06-02-2024T19:37:49 - [TEST_STEP][PASSED] - setEncryptedText(findTestObject("Object Repository/TL_CURA_Page_OR/Page_CURA Healthcare Service/input_password"), "g3/DOGG74jC3Flrr3yH+3D/yKbOqqUNM"): Text ****** has been set on object 'Object Repository/TL_CURA_Page_OR/Page_CURA Healthcare Service/input_password'

06-02-2024T19:37:50 - [MESSAGE][PASSED] - Text ****** has been set on object 'Object Repository/TL_CURA_Page_OR/Page_CURA Healthcare Service/input_password'

06-02-2024T19:37:50 - [TEST_STEP][PASSED] - click(findTestObject("Object Repository/TL_CURA_Page_OR/Page_CURA Healthcare Service/button_Login")): Object: 'Object Repository/TL_CURA_Page_OR/Page_CURA Healthcare Service/button_Login' is clicked on

06-02-2024T19:37:51 - [MESSAGE][PASSED] - Object: 'Object Repository/TL_CURA_Page_OR/Page_CURA Healthcare Service/button_Login' is clicked on

06-02-2024T19:37:51 - [TEST_STEP][PASSED] - click(findTestObject("Object Repository/TL_CURA_Page_OR/Page_CURA Healthcare Service/h2_Make Appointment")): Object: 'Object Repository/TL_CURA_Page_OR/Page_CURA Healthcare Service/h2_Make Appointment' is clicked on

06-02-2024T19:37:52 - [MESSAGE][PASSED] - Object: 'Object Repository/TL_CURA_Page_OR/Page_CURA Healthcare Service/h2_Make Appointment' is clicked on

06-02-2024T19:37:52 - [TEST_STEP][PASSED] - selectOptionByValue(findTestObject("Object Repository/TL_CURA_Page_OR/Page_CURA Healthcare Service/select_Tokyo CURA Healthcare Center        _5b4107"), "Hongkong CURA Healthcare Center", true): All options with value 'Hongkong CURA Healthcare Center' are selected in object 'Object Repository/TL_CURA_Page_OR/Page_CURA Healthcare Service/select_Tokyo CURA Healthcare Center        _5b4107'  using regular expression

06-02-2024T19:37:53 - [MESSAGE][PASSED] - All options with value 'Hongkong CURA Healthcare Center' are selected in object 'Object Repository/TL_CURA_Page_OR/Page_CURA Healthcare Service/select_Tokyo CURA Healthcare Center        _5b4107'  using regular expression

06-02-2024T19:37:53 - [TEST_STEP][PASSED] - click(findTestObject("Object Repository/TL_CURA_Page_OR/Page_CURA Healthcare Service/input_programs")): Object: 'Object Repository/TL_CURA_Page_OR/Page_CURA Healthcare Service/input_programs' is clicked on

06-02-2024T19:37:54 - [MESSAGE][PASSED] - Object: 'Object Repository/TL_CURA_Page_OR/Page_CURA Healthcare Service/input_programs' is clicked on

06-02-2024T19:37:54 - [TEST_STEP][PASSED] - click(findTestObject("Object Repository/TL_CURA_Page_OR/Page_CURA Healthcare Service/span_glyphicon glyphicon-calendar")): Object: 'Object Repository/TL_CURA_Page_OR/Page_CURA Healthcare Service/span_glyphicon glyphicon-calendar' is clicked on

06-02-2024T19:37:54 - [MESSAGE][PASSED] - Object: 'Object Repository/TL_CURA_Page_OR/Page_CURA Healthcare Service/span_glyphicon glyphicon-calendar' is clicked on

06-02-2024T19:37:54 - [TEST_STEP][PASSED] - click(findTestObject("Object Repository/TL_CURA_Page_OR/Page_CURA Healthcare Service/td_13")): Object: 'Object Repository/TL_CURA_Page_OR/Page_CURA Healthcare Service/td_13' is clicked on

06-02-2024T19:37:55 - [MESSAGE][PASSED] - Object: 'Object Repository/TL_CURA_Page_OR/Page_CURA Healthcare Service/td_13' is clicked on

06-02-2024T19:37:55 - [TEST_STEP][PASSED] - setText(findTestObject("Object Repository/TL_CURA_Page_OR/Page_CURA Healthcare Service/textarea_comment"), "General checkup"): Text 'General checkup' is set on object 'Object Repository/TL_CURA_Page_OR/Page_CURA Healthcare Service/textarea_comment'

06-02-2024T19:37:56 - [MESSAGE][PASSED] - Text 'General checkup' is set on object 'Object Repository/TL_CURA_Page_OR/Page_CURA Healthcare Service/textarea_comment'

06-02-2024T19:37:56 - [TEST_STEP][PASSED] - click(findTestObject("Object Repository/TL_CURA_Page_OR/Page_CURA Healthcare Service/button_Book Appointment")): Object: 'Object Repository/TL_CURA_Page_OR/Page_CURA Healthcare Service/button_Book Appointment' is clicked on

06-02-2024T19:37:58 - [MESSAGE][PASSED] - Object: 'Object Repository/TL_CURA_Page_OR/Page_CURA Healthcare Service/button_Book Appointment' is clicked on

06-02-2024T19:37:58 - [TEST_STEP][PASSED] - click(findTestObject("Object Repository/TL_CURA_Page_OR/Page_CURA Healthcare Service/h2_Appointment Confirmation")): Object: 'Object Repository/TL_CURA_Page_OR/Page_CURA Healthcare Service/h2_Appointment Confirmation' is clicked on

06-02-2024T19:37:58 - [MESSAGE][PASSED] - Object: 'Object Repository/TL_CURA_Page_OR/Page_CURA Healthcare Service/h2_Appointment Confirmation' is clicked on

06-02-2024T19:37:58 - [TEST_STEP][PASSED] - Start listener action : sampleAfterTestCase: Object: 'Object Repository/TL_CURA_Page_OR/Page_CURA Healthcare Service/a_Logout' is clicked on

06-02-2024T19:37:58 - [TEST_STEP][PASSED] - click(findTestObject("Object Repository/TL_CURA_Page_OR/Page_CURA Healthcare Service/amenu-toggle")): Object: 'Object Repository/TL_CURA_Page_OR/Page_CURA Healthcare Service/amenu-toggle' is clicked on

06-02-2024T19:37:59 - [MESSAGE][PASSED] - Object: 'Object Repository/TL_CURA_Page_OR/Page_CURA Healthcare Service/amenu-toggle' is clicked on

06-02-2024T19:37:59 - [TEST_STEP][PASSED] - click(findTestObject("Object Repository/TL_CURA_Page_OR/Page_CURA Healthcare Service/a_Logout")): Object: 'Object Repository/TL_CURA_Page_OR/Page_CURA Healthcare Service/a_Logout' is clicked on

06-02-2024T19:38:00 - [MESSAGE][PASSED] - Object: 'Object Repository/TL_CURA_Page_OR/Page_CURA Healthcare Service/a_Logout' is clicked on]]></system-out>
         <system-err><![CDATA[]]></system-err>
      </testcase>
      <system-out><![CDATA[06-02-2024T19:37:32 - [TEST_SUITE][PASSED] - TL_CURA_AppointmentConfirmation_TestSuite_001: Test Cases/TestListener1/TC_TL_AppointmentConfirmation_001]]></system-out>
      <system-err><![CDATA[]]></system-err>
   </testsuite>
</testsuites>
